-------------------------------------------------------------------------------
Test set: Order.ViewAllOrders.TestViewAllOrdersUseCase
-------------------------------------------------------------------------------
Tests run: 2, Failures: 0, Errors: 2, Skipped: 0, Time elapsed: 0.005 s <<< FAILURE! -- in Order.ViewAllOrders.TestViewAllOrdersUseCase
Order.ViewAllOrders.TestViewAllOrdersUseCase.testExecute_SuccessCase_WithData -- Time elapsed: 0.001 s <<< ERROR!
java.lang.NullPointerException: Cannot invoke "application.ports.out.ManageOrder.ViewAllOrders.ViewAllOrdersOutputBoundary.present(application.dtos.ManageOrder.ViewAllOrders.ViewAllOrdersOutputData)" because "this.orderPresenter" is null
	at application.usecases.ManageOrder.ViewAllOrders.ViewAllOrdersUsecase.execute(ViewAllOrdersUsecase.java:72)
	at Order.ViewAllOrders.TestViewAllOrdersUseCase.testExecute_SuccessCase_WithData(TestViewAllOrdersUseCase.java:48)
	at java.base/java.lang.reflect.Method.invoke(Method.java:580)
	at java.base/java.util.ArrayList.forEach(ArrayList.java:1596)
	at java.base/java.util.ArrayList.forEach(ArrayList.java:1596)

Order.ViewAllOrders.TestViewAllOrdersUseCase.testExecute_SuccessCase_NoData -- Time elapsed: 0.001 s <<< ERROR!
java.lang.NullPointerException: Cannot invoke "application.ports.out.ManageOrder.ViewAllOrders.ViewAllOrdersOutputBoundary.present(application.dtos.ManageOrder.ViewAllOrders.ViewAllOrdersOutputData)" because "this.orderPresenter" is null
	at application.usecases.ManageOrder.ViewAllOrders.ViewAllOrdersUsecase.execute(ViewAllOrdersUsecase.java:72)
	at Order.ViewAllOrders.TestViewAllOrdersUseCase.testExecute_SuccessCase_NoData(TestViewAllOrdersUseCase.java:66)
	at java.base/java.lang.reflect.Method.invoke(Method.java:580)
	at java.base/java.util.ArrayList.forEach(ArrayList.java:1596)
	at java.base/java.util.ArrayList.forEach(ArrayList.java:1596)

