<?xml version="1.0" encoding="UTF-8"?>
<testsuite xmlns:xsi="http://www.w3.org/2001/XMLSchema-instance" xsi:noNamespaceSchemaLocation="https://maven.apache.org/surefire/maven-surefire-plugin/xsd/surefire-test-report-3.0.xsd" version="3.0" name="User.BlockUser.TestBlockUserUseCase" time="0.008" tests="2" errors="2" skipped="0" failures="0">
  <properties>
[...]
</properties>
  <testcase name="testExecute_Fail_AdminBlocksSelf" classname="User.BlockUser.TestBlockUserUseCase" time="0.003">
    <error message="Cannot invoke &quot;application.ports.out.ManageUser.BlockUser.BlockUserOutputBoundary.present(application.dtos.ManageUser.BlockUser.BlockUserOutputData)&quot; because &quot;this.userPresenter&quot; is null" type="java.lang.NullPointerException"><![CDATA[java.lang.NullPointerException: Cannot invoke "application.ports.out.ManageUser.BlockUser.BlockUserOutputBoundary.present(application.dtos.ManageUser.BlockUser.BlockUserOutputData)" because "this.userPresenter" is null
	at application.usecases.ManageUser.BlockUser.BlockUserUsecase.execute(BlockUserUsecase.java:70)
	at User.BlockUser.TestBlockUserUseCase.testExecute_Fail_AdminBlocksSelf(TestBlockUserUseCase.java:61)
	at java.base/java.lang.reflect.Method.invoke(Method.java:580)
	at java.base/java.util.ArrayList.forEach(ArrayList.java:1596)
	at java.base/java.util.ArrayList.forEach(ArrayList.java:1596)
]]></error>
  </testcase>
  <testcase name="testExecute_SuccessCase" classname="User.BlockUser.TestBlockUserUseCase" time="0.001">
    <error message="Cannot invoke &quot;application.ports.out.ManageUser.BlockUser.BlockUserOutputBoundary.present(application.dtos.ManageUser.BlockUser.BlockUserOutputData)&quot; because &quot;this.userPresenter&quot; is null" type="java.lang.NullPointerException"><![CDATA[java.lang.NullPointerException: Cannot invoke "application.ports.out.ManageUser.BlockUser.BlockUserOutputBoundary.present(application.dtos.ManageUser.BlockUser.BlockUserOutputData)" because "this.userPresenter" is null
	at application.usecases.ManageUser.BlockUser.BlockUserUsecase.execute(BlockUserUsecase.java:70)
	at User.BlockUser.TestBlockUserUseCase.testExecute_SuccessCase(TestBlockUserUseCase.java:43)
	at java.base/java.lang.reflect.Method.invoke(Method.java:580)
	at java.base/java.util.ArrayList.forEach(ArrayList.java:1596)
	at java.base/java.util.ArrayList.forEach(ArrayList.java:1596)
]]></error>
  </testcase>
</testsuite>