-------------------------------------------------------------------------------
Test set: User.UpdateUserRole.TestUpdateUserRoleUseCase
-------------------------------------------------------------------------------
Tests run: 3, Failures: 0, Errors: 3, Skipped: 0, Time elapsed: 0.015 s <<< FAILURE! -- in User.UpdateUserRole.TestUpdateUserRoleUseCase
User.UpdateUserRole.TestUpdateUserRoleUseCase.testExecute_Fail_Validation_InvalidRoleString -- Time elapsed: 0.003 s <<< ERROR!
java.lang.NullPointerException: Cannot invoke "application.ports.out.ManageUser.UpdateUserRole.UpdateUserRoleOutputBoundary.present(application.dtos.ManageUser.UpdateUserRole.UpdateUserRoleOutputData)" because "this.userPresenter" is null
	at application.usecases.ManageUser.UpdateUserRole.UpdateUserRoleUsecase.execute(UpdateUserRoleUsecase.java:76)
	at User.UpdateUserRole.TestUpdateUserRoleUseCase.testExecute_Fail_Validation_InvalidRoleString(TestUpdateUserRoleUseCase.java:79)
	at java.base/java.lang.reflect.Method.invoke(Method.java:580)
	at java.base/java.util.ArrayList.forEach(ArrayList.java:1596)
	at java.base/java.util.ArrayList.forEach(ArrayList.java:1596)

User.UpdateUserRole.TestUpdateUserRoleUseCase.testExecute_SuccessCase_PromoteToAdmin -- Time elapsed: 0.004 s <<< ERROR!
java.lang.NullPointerException: Cannot invoke "application.ports.out.ManageUser.UpdateUserRole.UpdateUserRoleOutputBoundary.present(application.dtos.ManageUser.UpdateUserRole.UpdateUserRoleOutputData)" because "this.userPresenter" is null
	at application.usecases.ManageUser.UpdateUserRole.UpdateUserRoleUsecase.execute(UpdateUserRoleUsecase.java:76)
	at User.UpdateUserRole.TestUpdateUserRoleUseCase.testExecute_SuccessCase_PromoteToAdmin(TestUpdateUserRoleUseCase.java:46)
	at java.base/java.lang.reflect.Method.invoke(Method.java:580)
	at java.base/java.util.ArrayList.forEach(ArrayList.java:1596)
	at java.base/java.util.ArrayList.forEach(ArrayList.java:1596)

User.UpdateUserRole.TestUpdateUserRoleUseCase.testExecute_Fail_AdminUpdatesSelf -- Time elapsed: 0.002 s <<< ERROR!
java.lang.NullPointerException: Cannot invoke "application.ports.out.ManageUser.UpdateUserRole.UpdateUserRoleOutputBoundary.present(application.dtos.ManageUser.UpdateUserRole.UpdateUserRoleOutputData)" because "this.userPresenter" is null
	at application.usecases.ManageUser.UpdateUserRole.UpdateUserRoleUsecase.execute(UpdateUserRoleUsecase.java:76)
	at User.UpdateUserRole.TestUpdateUserRoleUseCase.testExecute_Fail_AdminUpdatesSelf(TestUpdateUserRoleUseCase.java:64)
	at java.base/java.lang.reflect.Method.invoke(Method.java:580)
	at java.base/java.util.ArrayList.forEach(ArrayList.java:1596)
	at java.base/java.util.ArrayList.forEach(ArrayList.java:1596)

