-------------------------------------------------------------------------------
Test set: User.BlockUser.TestBlockUserUseCase
-------------------------------------------------------------------------------
Tests run: 2, Failures: 0, Errors: 2, Skipped: 0, Time elapsed: 0.008 s <<< FAILURE! -- in User.BlockUser.TestBlockUserUseCase
User.BlockUser.TestBlockUserUseCase.testExecute_Fail_AdminBlocksSelf -- Time elapsed: 0.003 s <<< ERROR!
java.lang.NullPointerException: Cannot invoke "application.ports.out.ManageUser.BlockUser.BlockUserOutputBoundary.present(application.dtos.ManageUser.BlockUser.BlockUserOutputData)" because "this.userPresenter" is null
	at application.usecases.ManageUser.BlockUser.BlockUserUsecase.execute(BlockUserUsecase.java:70)
	at User.BlockUser.TestBlockUserUseCase.testExecute_Fail_AdminBlocksSelf(TestBlockUserUseCase.java:61)
	at java.base/java.lang.reflect.Method.invoke(Method.java:580)
	at java.base/java.util.ArrayList.forEach(ArrayList.java:1596)
	at java.base/java.util.ArrayList.forEach(ArrayList.java:1596)

User.BlockUser.TestBlockUserUseCase.testExecute_SuccessCase -- Time elapsed: 0.001 s <<< ERROR!
java.lang.NullPointerException: Cannot invoke "application.ports.out.ManageUser.BlockUser.BlockUserOutputBoundary.present(application.dtos.ManageUser.BlockUser.BlockUserOutputData)" because "this.userPresenter" is null
	at application.usecases.ManageUser.BlockUser.BlockUserUsecase.execute(BlockUserUsecase.java:70)
	at User.BlockUser.TestBlockUserUseCase.testExecute_SuccessCase(TestBlockUserUseCase.java:43)
	at java.base/java.lang.reflect.Method.invoke(Method.java:580)
	at java.base/java.util.ArrayList.forEach(ArrayList.java:1596)
	at java.base/java.util.ArrayList.forEach(ArrayList.java:1596)

