-------------------------------------------------------------------------------
Test set: User.UnblockUser.TestUnblockUserUseCase
-------------------------------------------------------------------------------
Tests run: 2, Failures: 0, Errors: 2, Skipped: 0, Time elapsed: 0.006 s <<< FAILURE! -- in User.UnblockUser.TestUnblockUserUseCase
User.UnblockUser.TestUnblockUserUseCase.testExecute_Fail_UserNotFound -- Time elapsed: 0.002 s <<< ERROR!
java.lang.NullPointerException: Cannot invoke "application.ports.out.ManageUser.UnblockUser.UnblockUserOutputBoundary.present(application.dtos.ManageUser.UnblockUser.UnblockUserOutputData)" because "this.userPresenter" is null
	at application.usecases.ManageUser.UnblockUser.UnblockUserUsecase.execute(UnblockUserUsecase.java:66)
	at User.UnblockUser.TestUnblockUserUseCase.testExecute_Fail_UserNotFound(TestUnblockUserUseCase.java:58)
	at java.base/java.lang.reflect.Method.invoke(Method.java:580)
	at java.base/java.util.ArrayList.forEach(ArrayList.java:1596)
	at java.base/java.util.ArrayList.forEach(ArrayList.java:1596)

User.UnblockUser.TestUnblockUserUseCase.testExecute_SuccessCase -- Time elapsed: 0.001 s <<< ERROR!
java.lang.NullPointerException: Cannot invoke "application.ports.out.ManageUser.UnblockUser.UnblockUserOutputBoundary.present(application.dtos.ManageUser.UnblockUser.UnblockUserOutputData)" because "this.userPresenter" is null
	at application.usecases.ManageUser.UnblockUser.UnblockUserUsecase.execute(UnblockUserUsecase.java:66)
	at User.UnblockUser.TestUnblockUserUseCase.testExecute_SuccessCase(TestUnblockUserUseCase.java:40)
	at java.base/java.lang.reflect.Method.invoke(Method.java:580)
	at java.base/java.util.ArrayList.forEach(ArrayList.java:1596)
	at java.base/java.util.ArrayList.forEach(ArrayList.java:1596)

